Starting Nmap 7.95 ( https://nmap.org ) at 2025-01-19 22:24 EST
NSE: Loaded 47 scripts for scanning.
Initiating ARP Ping Scan at 22:24
Scanning 192.168.1.133 [1 port]
Completed ARP Ping Scan at 22:24, 0.05s elapsed (1 total hosts)
Initiating Parallel DNS resolution of 1 host. at 22:24
Completed Parallel DNS resolution of 1 host. at 22:24, 0.01s elapsed
Initiating SYN Stealth Scan at 22:24
Scanning 192.168.1.133 [65535 ports]
Discovered open port 22/tcp on 192.168.1.133
Discovered open port 80/tcp on 192.168.1.133
Completed SYN Stealth Scan at 22:27, 153.82s elapsed (65535 total ports)
Initiating Service scan at 22:27
Scanning 2 services on 192.168.1.133
Completed Service scan at 22:27, 6.06s elapsed (2 services on 1 host)
NSE: Script scanning 192.168.1.133.
Initiating NSE at 22:27
Completed NSE at 22:27, 0.02s elapsed
Initiating NSE at 22:27
Completed NSE at 22:27, 0.01s elapsed
Nmap scan report for 192.168.1.133
Host is up (0.00081s latency).
Not shown: 65369 filtered tcp ports (no-response), 159 filtered tcp ports (admin-prohibited)
PORT      STATE  SERVICE        VERSION
22/tcp    open   ssh            OpenSSH 8.7 (protocol 2.0)
80/tcp    open   http           Apache httpd 2.4.57 ((Rocky Linux))
443/tcp   closed https
8080/tcp  closed http-proxy
9090/tcp  closed zeus-admin
9091/tcp  closed xmltec-xmlmail
30000/tcp closed ndmps
MAC Address: 08:00:27:2D:94:CF (PCS Systemtechnik/Oracle VirtualBox virtual NIC)

Read data files from: /usr/share/nmap
Service detection performed. Please report any incorrect results at https://nmap.org/submit/ .
Nmap done: 1 IP address (1 host up) scanned in 160.33 seconds
           Raw packets sent: 131005 (5.764MB) | Rcvd: 167 (11.764KB)